<?xml version="1.0" encoding="UTF-8"?>
<!-- Generated by org.testng.reporters.JUnitXMLReporter -->
<testsuite ignored="0" hostname="GauravNimkande" failures="2" tests="7" name="Default test" time="24.676" errors="0" timestamp="04 Jul 2021 13:09:02 GMT">
  <testcase classname="io.cucumber.testng.AbstractTestNGCucumberTests" name="runScenario" time="19.329"/>
  <testcase classname="io.cucumber.testng.AbstractTestNGCucumberTests" name="runScenario" time="20.408"/>
  <testcase classname="io.cucumber.testng.AbstractTestNGCucumberTests" name="runScenario" time="20.576">
    <failure type="java.lang.NullPointerException" message="Cannot invoke &amp;quot;org.apache.poi.ss.usermodel.Sheet.getPhysicalNumberOfRows()&amp;quot; because &amp;quot;sheet&amp;quot; is null">
      <![CDATA[java.lang.NullPointerException: Cannot invoke "org.apache.poi.ss.usermodel.Sheet.getPhysicalNumberOfRows()" because "sheet" is null
at com.qa.utils.ExcelReader.readSheet(ExcelReader.java:49)
at com.qa.utils.ExcelReader.getData(ExcelReader.java:24)
at parallel.ContactusPageSteps.user_fills_the_from_given_sheetname_and_rownumber(ContactusPageSteps.java:35)
at ✽.user fills the from given sheetname "<Sheetname>" and rownumber 0(classpath:parallel/Contactus.feature:4)
]]>
    </failure>
  </testcase> <!-- runScenario -->
  <testcase classname="io.cucumber.testng.AbstractTestNGCucumberTests" name="runScenario" time="21.024">
    <failure type="java.lang.NullPointerException" message="Cannot invoke &amp;quot;org.apache.poi.ss.usermodel.Sheet.getPhysicalNumberOfRows()&amp;quot; because &amp;quot;sheet&amp;quot; is null">
      <![CDATA[java.lang.NullPointerException: Cannot invoke "org.apache.poi.ss.usermodel.Sheet.getPhysicalNumberOfRows()" because "sheet" is null
at com.qa.utils.ExcelReader.readSheet(ExcelReader.java:49)
at com.qa.utils.ExcelReader.getData(ExcelReader.java:24)
at parallel.ContactusPageSteps.user_fills_the_from_given_sheetname_and_rownumber(ContactusPageSteps.java:35)
at ✽.user fills the from given sheetname "<Sheetname>" and rownumber 1(classpath:parallel/Contactus.feature:4)
]]>
    </failure>
  </testcase> <!-- runScenario -->
  <testcase classname="io.cucumber.testng.AbstractTestNGCucumberTests" name="runScenario" time="23.84"/>
  <testcase classname="io.cucumber.testng.AbstractTestNGCucumberTests" name="runScenario" time="23.863"/>
  <testcase classname="io.cucumber.testng.AbstractTestNGCucumberTests" name="runScenario" time="24.387"/>
</testsuite> <!-- Default test -->
