-------------------------------------------------------------------------------
Test set: Account Page Feature
-------------------------------------------------------------------------------
Tests run: 2, Failures: 1, Errors: 0, Skipped: 0, Time elapsed: 68.693 s <<< FAILURE! - in Account Page Feature
account section count(Account Page Feature)  Time elapsed: 32.135 s  <<< FAILURE!
java.lang.AssertionError

