<?xml version="1.0" encoding="UTF-8"?>
<testsuite xmlns:xsi="http://www.w3.org/2001/XMLSchema-instance" xsi:noNamespaceSchemaLocation="https://maven.apache.org/surefire/maven-failsafe-plugin/xsd/failsafe-test-report-3.0.xsd" version="3.0" name="Account Page Feature" time="68.693" tests="2" errors="0" skipped="0" failures="1">
  <properties>
[...]
</properties>
  <testcase name="account page title" classname="Account Page Feature" time="36.553"/>
  <testcase name="account section count" classname="Account Page Feature" time="32.135">
    <failure type="java.lang.AssertionError">java.lang.AssertionError
</failure>
    <system-out><![CDATA[
Scenario: account section count                     &amp#27;[90m# src/test/resources/FeaturesFiles/accountpage.feature:13&amp#27;[0m
Browser value is :firefox
  &amp#27;[32mGiven &amp#27;[0m&amp#27;[32muser has already login into the application&amp#27;[0m &amp#27;[90m# step_defination.AccountPageSteps.user_has_already_login_into_the_application(io.cucumber.datatable.DataTable)&amp#27;[0m
Accounts page title is :Login - My Store
  &amp#27;[32mGiven &amp#27;[0m&amp#27;[32muser is on account page&amp#27;[0m                     &amp#27;[90m# step_defination.AccountPageSteps.user_is_on_account_page()&amp#27;[0m
Expected account Section list [Order history and details, My credit slips, My addresses, My personal information, My wishlists]
Actual account Section list [Create an account, , Sign in]
  &amp#27;[32mThen &amp#27;[0m&amp#27;[32muser gets account section&amp#27;[0m                    &amp#27;[90m# step_defination.AccountPageSteps.user_gets_account_section(io.cucumber.datatable.DataTable)&amp#27;[0m
  &amp#27;[31mAnd &amp#27;[0m&amp#27;[31maccount section count should be &amp#27;[0m&amp#27;[31m&amp#27;[1m5&amp#27;[0m             &amp#27;[90m# step_defination.AccountPageSteps.account_section_count_should_be(java.lang.Integer)&amp#27;[0m
      &amp#27;[31mjava.lang.AssertionError
	at org.junit.Assert.fail(Assert.java:87)
	at org.junit.Assert.assertTrue(Assert.java:42)
	at org.junit.Assert.assertTrue(Assert.java:53)
	at step_defination.AccountPageSteps.account_section_count_should_be(AccountPageSteps.java:52)
	at âœ½.account section count should be 5(file:///D:/ProjectWorkspace/CucumberPOMSeries/src/test/resources/FeaturesFiles/accountpage.feature:21)
&amp#27;[0m

    Embedding account_section_count [image/png 54335 bytes]

]]></system-out>
    <system-err><![CDATA[[pool-1-thread-1] INFO io.github.bonigarcia.wdm.WebDriverManager - Using geckodriver 0.24.0 (resolved driver for Firefox 67)
[pool-1-thread-1] INFO io.github.bonigarcia.wdm.WebDriverManager - Exporting webdriver.gecko.driver as C:\Users\gaurav.nimkande\.cache\selenium\geckodriver\win64\0.24.0\geckodriver.exe
1625051277149	mozrunner::runner	INFO	Running command: "C:\\Program Files\\Mozilla Firefox\\firefox.exe" "-marionette" "-foreground" "-no-remote" "-profile" "C:\\Users\\GAURAV~1.NIM\\AppData\\Local\\Temp\\rust_mozprofile.PybcpwKiaWm7"
1625051277609	addons.webextension.screenshots@mozilla.org	WARN	Loading extension 'screenshots@mozilla.org': Reading manifest: Invalid extension permission: mozillaAddons
1625051277610	addons.webextension.screenshots@mozilla.org	WARN	Loading extension 'screenshots@mozilla.org': Reading manifest: Invalid extension permission: resource://pdf.js/
1625051277610	addons.webextension.screenshots@mozilla.org	WARN	Loading extension 'screenshots@mozilla.org': Reading manifest: Invalid extension permission: about:reader*
1625051284690	Marionette	INFO	Listening on port 58672
1625051284981	Marionette	WARN	TLS certificate errors will be ignored for this session
Jun 30, 2021 4:38:11 PM org.openqa.selenium.remote.ProtocolHandshake createSession
INFO: Detected dialect: W3C
1625051305301	Marionette	INFO	Stopped listening on port 58672
[Parent 13852, Gecko_IOThread] WARNING: pipe error: 109: file z:/task_1560988636/build/src/ipc/chromium/src/chrome/common/ipc_channel_win.cc, line 341
[Child 2612, Chrome_ChildThread] WARNING: pipe error: 109: file z:/task_1560988636/build/src/ipc/chromium/src/chrome/common/ipc_channel_win.cc, line 341
[Child 2612, Chrome_ChildThread] WARNING: pipe error: 109: file z:/task_1560988636/build/src/ipc/ch[Child 22568, Chrome_ChildThread] WARNING: pipe error: 109: file z:/task_1560988636/build/src/ipc/chromium/src/chrome/common/ipc_channel_win.cc, line 341
[Child 22568, Chrome_ChildThread] W[Parent 13852, Gecko_IOThread] WARNING: pipe error: 109: file z:/task_1560988636/build/src/ipc/chromium/src/chrome/common/ipc_channel_win.cc, line 341
[GPU 13740, Chrome_ChildThread] WARNING: pipe error:
###!!! [Child][MessageChannel::SendAndWait] Error: Channel error: cannot send/recv

]]></system-err>
  </testcase>
</testsuite>